[INFO ] 2022-02-06 12:36:59.234 [TestNG-PoolService-2] BasePage - navigate to Urlhttps://rozetka.com.ua
[INFO ] 2022-02-06 12:36:59.844 [TestNG-PoolService-1] BasePage - navigate to Urlhttps://rozetka.com.ua
[INFO ] 2022-02-06 12:37:00.597 [TestNG-PoolService-4] BasePage - navigate to Urlhttps://rozetka.com.ua
[INFO ] 2022-02-06 12:37:01.343 [TestNG-PoolService-3] BasePage - navigate to Urlhttps://rozetka.com.ua
[INFO ] 2022-02-06 12:37:02.458 [TestNG-PoolService-0] BasePage - navigate to Urlhttps://rozetka.com.ua
[INFO ] 2022-02-06 12:37:28.432 [main] BasePage - navigate to Urlhttps://rozetka.com.ua
[INFO ] 2022-02-06 12:37:28.882 [main] BasePage -  Enter search phone
[INFO ] 2022-02-06 12:37:31.200 [main] BasePage -  scroll to element 
[INFO ] 2022-02-06 12:37:31.760 [main] BasePage -  scroll to element 
[INFO ] 2022-02-06 12:37:33.890 [main] BasePage -  add first item 
[INFO ] 2022-02-06 12:37:34.116 [main] BasePage -  Open Curt page
[INFO ] 2022-02-06 12:37:34.508 [main] BasePage -  get sum prise 
[INFO ] 2022-02-06 12:37:48.629 [main] BasePage - navigate to Urlhttps://rozetka.com.ua
[INFO ] 2022-02-06 12:37:48.872 [main] BasePage -  Enter search bag
[INFO ] 2022-02-06 12:37:52.074 [main] BasePage -  scroll to element 
[INFO ] 2022-02-06 12:37:55.462 [main] BasePage -  scroll to element 
[INFO ] 2022-02-06 12:37:56.855 [main] BasePage -  add first item 
[INFO ] 2022-02-06 12:37:56.945 [main] BasePage -  Open Curt page
[INFO ] 2022-02-06 12:37:57.748 [main] BasePage -  get sum prise 
[INFO ] 2022-02-06 12:38:11.477 [main] BasePage - navigate to Urlhttps://rozetka.com.ua
[INFO ] 2022-02-06 12:38:11.722 [main] BasePage -  Enter search lamp
[INFO ] 2022-02-06 12:38:14.425 [main] BasePage -  scroll to element 
[INFO ] 2022-02-06 12:38:14.872 [main] BasePage -  scroll to element 
[INFO ] 2022-02-06 12:38:49.400 [main] BasePage - navigate to Urlhttps://rozetka.com.ua
[INFO ] 2022-02-06 12:38:49.899 [main] BasePage -  Enter search лижі
[INFO ] 2022-02-06 12:38:54.420 [main] BasePage -  scroll to element 
[INFO ] 2022-02-06 12:38:54.777 [main] BasePage -  scroll to element 
[INFO ] 2022-02-06 12:38:59.295 [main] BasePage -  add first item 
[INFO ] 2022-02-06 12:38:59.378 [main] BasePage -  Open Curt page
[INFO ] 2022-02-06 12:38:59.684 [main] BasePage -  get sum prise 
[INFO ] 2022-02-06 12:39:19.361 [main] BasePage - navigate to Urlhttps://rozetka.com.ua
[INFO ] 2022-02-06 12:39:19.789 [main] BasePage -  Enter search sup
[INFO ] 2022-02-06 12:39:23.571 [main] BasePage -  scroll to element 
[INFO ] 2022-02-06 12:39:25.574 [main] BasePage -  scroll to element 
[INFO ] 2022-02-06 12:50:55.878 [Test worker] BasePage - navigate to Urlhttps://rozetka.com.ua
[INFO ] 2022-02-06 12:50:58.713 [Test worker] BasePage -  Enter search phone
[INFO ] 2022-02-06 12:50:58.765 [Test worker] BasePage -  scroll to element 
[INFO ] 2022-02-06 12:50:59.239 [Test worker] BasePage -  scroll to element 
[INFO ] 2022-02-06 12:51:03.358 [Test worker] BasePage -  add first item 
[INFO ] 2022-02-06 12:51:03.443 [Test worker] BasePage -  Open Curt page
[INFO ] 2022-02-06 12:51:03.860 [Test worker] BasePage -  get sum prise 
[INFO ] 2022-02-06 12:51:09.433 [Test worker] BasePage - navigate to Urlhttps://rozetka.com.ua
[INFO ] 2022-02-06 12:51:12.866 [Test worker] BasePage -  Enter search bag
[INFO ] 2022-02-06 12:51:12.910 [Test worker] BasePage -  scroll to element 
[INFO ] 2022-02-06 12:51:13.216 [Test worker] BasePage -  scroll to element 
[INFO ] 2022-02-06 12:51:20.507 [Test worker] BasePage - navigate to Urlhttps://rozetka.com.ua
[INFO ] 2022-02-06 12:51:24.159 [Test worker] BasePage -  Enter search lamp
[INFO ] 2022-02-06 12:51:24.202 [Test worker] BasePage -  scroll to element 
[INFO ] 2022-02-06 12:51:24.734 [Test worker] BasePage -  scroll to element 
[INFO ] 2022-02-06 12:51:32.585 [Test worker] BasePage - navigate to Urlhttps://rozetka.com.ua
[INFO ] 2022-02-06 12:51:32.913 [Test worker] BasePage -  Enter search лижі
[INFO ] 2022-02-06 12:51:36.116 [Test worker] BasePage -  scroll to element 
[INFO ] 2022-02-06 12:51:37.599 [Test worker] BasePage -  scroll to element 
[INFO ] 2022-02-06 12:51:38.421 [Test worker] BasePage -  add first item 
[INFO ] 2022-02-06 12:51:38.588 [Test worker] BasePage -  Open Curt page
[INFO ] 2022-02-06 12:51:38.886 [Test worker] BasePage -  get sum prise 
[INFO ] 2022-02-06 12:51:48.438 [Test worker] BasePage - navigate to Urlhttps://rozetka.com.ua
[INFO ] 2022-02-06 12:51:48.813 [Test worker] BasePage -  Enter search sup
[INFO ] 2022-02-06 12:51:52.436 [Test worker] BasePage -  scroll to element 
[INFO ] 2022-02-06 12:51:54.225 [Test worker] BasePage -  scroll to element 
[INFO ] 2022-02-06 12:54:29.426 [Test worker] BasePage - navigate to Urlhttps://rozetka.com.ua
[INFO ] 2022-02-06 12:54:34.235 [Test worker] BasePage -  Enter search phone
[INFO ] 2022-02-06 12:54:34.300 [Test worker] BasePage -  scroll to element 
[INFO ] 2022-02-06 12:54:34.790 [Test worker] BasePage -  scroll to element 
[INFO ] 2022-02-06 12:54:36.733 [Test worker] BasePage -  add first item 
[INFO ] 2022-02-06 12:54:36.819 [Test worker] BasePage -  Open Curt page
[INFO ] 2022-02-06 12:54:37.198 [Test worker] BasePage -  get sum prise 
[INFO ] 2022-02-06 12:54:45.281 [Test worker] BasePage - navigate to Urlhttps://rozetka.com.ua
[INFO ] 2022-02-06 12:54:45.733 [Test worker] BasePage -  Enter search лижі
[INFO ] 2022-02-06 12:54:48.721 [Test worker] BasePage -  scroll to element 
[INFO ] 2022-02-06 12:54:50.164 [Test worker] BasePage -  scroll to element 
[INFO ] 2022-02-06 12:54:51.614 [Test worker] BasePage -  add first item 
[INFO ] 2022-02-06 12:54:51.697 [Test worker] BasePage -  Open Curt page
[INFO ] 2022-02-06 12:54:52.037 [Test worker] BasePage -  get sum prise 
[INFO ] 2022-02-06 13:06:05.076 [Test worker] BasePage - navigate to Urlhttps://rozetka.com.ua
[INFO ] 2022-02-06 13:06:10.039 [Test worker] BasePage -  Enter search phone
[INFO ] 2022-02-06 13:06:10.090 [Test worker] BasePage -  scroll to element 
[INFO ] 2022-02-06 13:06:10.595 [Test worker] BasePage -  scroll to element 
[INFO ] 2022-02-06 13:06:13.102 [Test worker] BasePage -  add first item 
[INFO ] 2022-02-06 13:06:13.194 [Test worker] BasePage -  Open Curt page
[INFO ] 2022-02-06 13:06:14.274 [Test worker] BasePage -  get sum prise 
[INFO ] 2022-02-06 13:06:20.853 [Test worker] BasePage - navigate to Urlhttps://rozetka.com.ua
[INFO ] 2022-02-06 13:06:24.874 [Test worker] BasePage -  Enter search лижі
[INFO ] 2022-02-06 13:06:24.929 [Test worker] BasePage -  scroll to element 
[INFO ] 2022-02-06 13:06:25.294 [Test worker] BasePage -  scroll to element 
[INFO ] 2022-02-06 13:10:36.148 [Test worker] BasePage - navigate to Urlhttps://rozetka.com.ua
[INFO ] 2022-02-06 13:10:36.678 [Test worker] BasePage -  Enter search phone
[INFO ] 2022-02-06 13:10:45.001 [Test worker] BasePage -  scroll to element 
[INFO ] 2022-02-06 13:10:45.455 [Test worker] BasePage -  scroll to element 
[INFO ] 2022-02-06 13:11:36.073 [Test worker] BasePage - navigate to Urlhttps://rozetka.com.ua
[INFO ] 2022-02-06 13:11:36.303 [Test worker] BasePage -  Enter search лижі
[INFO ] 2022-02-06 13:11:45.328 [Test worker] BasePage -  scroll to element 
[INFO ] 2022-02-06 13:11:46.683 [Test worker] BasePage -  scroll to element 
[INFO ] 2022-02-06 13:11:48.465 [Test worker] BasePage -  add first item 
[INFO ] 2022-02-06 13:11:48.563 [Test worker] BasePage -  Open Curt page
[INFO ] 2022-02-06 13:11:49.011 [Test worker] BasePage -  get sum prise 
[INFO ] 2022-02-06 13:13:10.529 [Test worker] BasePage - navigate to Urlhttps://rozetka.com.ua
[INFO ] 2022-02-06 13:13:14.458 [Test worker] BasePage -  Enter search phone
[INFO ] 2022-02-06 13:13:17.240 [Test worker] BasePage -  scroll to element 
[INFO ] 2022-02-06 13:13:17.787 [Test worker] BasePage -  scroll to element 
[INFO ] 2022-02-06 13:19:39.557 [Test worker] BasePage - navigate to Urlhttps://rozetka.com.ua
[INFO ] 2022-02-06 13:19:39.806 [Test worker] BasePage -  Enter search phone
[INFO ] 2022-02-06 13:19:48.620 [Test worker] BasePage -  scroll to element 
[INFO ] 2022-02-06 13:19:49.103 [Test worker] BasePage -  scroll to element 
[INFO ] 2022-02-06 13:20:10.546 [Test worker] BasePage -  add first item 
[INFO ] 2022-02-06 13:20:10.622 [Test worker] BasePage -  Open Curt page
[INFO ] 2022-02-06 13:20:44.261 [Test worker] BasePage -  get sum prise 
